2013/05/04 20:16:08 [error] [php] date(): It is not safe to rely on the system's timezone settings. You are *required* to use the date.timezone setting or the date_default_timezone_set() function. In case you used any of those methods and you are still getting this warning, you most likely misspelled the timezone identifier. We selected 'America/New_York' for 'EDT/-4.0/DST' instead (/Applications/XAMPP/xamppfiles/htdocs/froshims_backend/protected/views/layouts/main.php:51)
Stack trace:
#0 /Applications/XAMPP/yii/framework/web/CBaseController.php(95): SiteController->renderInternal()
#1 /Applications/XAMPP/yii/framework/web/widgets/CContentDecorator.php(76): SiteController->renderFile()
#2 /Applications/XAMPP/yii/framework/web/widgets/CContentDecorator.php(54): CContentDecorator->decorate()
#3 /Applications/XAMPP/yii/framework/web/widgets/COutputProcessor.php(44): CContentDecorator->processOutput()
#4 /Applications/XAMPP/yii/framework/web/CBaseController.php(206): CContentDecorator->run()
#5 /Applications/XAMPP/yii/framework/web/CBaseController.php(300): SiteController->endWidget()
#6 /Applications/XAMPP/xamppfiles/htdocs/froshims_backend/protected/views/layouts/column1.php(6): SiteController->endContent()
#7 /Applications/XAMPP/yii/framework/web/CBaseController.php(126): require()
#8 /Applications/XAMPP/yii/framework/web/CBaseController.php(95): SiteController->renderInternal()
#9 /Applications/XAMPP/yii/framework/web/CController.php(784): SiteController->renderFile()
#10 /Applications/XAMPP/xamppfiles/htdocs/froshims_backend/protected/controllers/SiteController.php(32): SiteController->render()
#11 /Applications/XAMPP/yii/framework/web/actions/CInlineAction.php(49): SiteController->actionIndex()
#12 /Applications/XAMPP/yii/framework/web/CController.php(308): CInlineAction->runWithParams()
#13 /Applications/XAMPP/yii/framework/web/CController.php(286): SiteController->runAction()
#14 /Applications/XAMPP/yii/framework/web/CController.php(265): SiteController->runActionWithFilters()
#15 /Applications/XAMPP/yii/framework/web/CWebApplication.php(282): SiteController->run()
#16 /Applications/XAMPP/yii/framework/web/CWebApplication.php(141): CWebApplication->runController()
#17 /Applications/XAMPP/yii/framework/base/CApplication.php(169): CWebApplication->processRequest()
#18 /Applications/XAMPP/xamppfiles/htdocs/froshims_backend/index.php(13): CWebApplication->run()
#19 /Applications/XAMPP/yii/framework/cli/commands/ShellCommand.php(78): require()
#20 /Applications/XAMPP/yii/framework/console/CConsoleCommandRunner.php(67): ShellCommand->run()
#21 /Applications/XAMPP/yii/framework/console/CConsoleApplication.php(91): CConsoleCommandRunner->run()
#22 /Applications/XAMPP/yii/framework/base/CApplication.php(169): CConsoleApplication->processRequest()
#23 /Applications/XAMPP/yii/framework/yiic.php(33): CConsoleApplication->run()
#24 /Applications/XAMPP/xamppfiles/htdocs/froshims_backend/protected/yiic.php(7): require_once()
#25 /Applications/XAMPP/xamppfiles/htdocs/froshims_backend/protected/yiic(4): require_once()
REQUEST_URI=/index.php
2013/05/04 20:16:08 [error] [php] date(): It is not safe to rely on the system's timezone settings. You are *required* to use the date.timezone setting or the date_default_timezone_set() function. In case you used any of those methods and you are still getting this warning, you most likely misspelled the timezone identifier. We selected 'America/New_York' for 'EDT/-4.0/DST' instead (/Applications/XAMPP/xamppfiles/htdocs/froshims_backend/protected/views/layouts/main.php:51)
Stack trace:
#0 /Applications/XAMPP/yii/framework/web/CBaseController.php(95): SiteController->renderInternal()
#1 /Applications/XAMPP/yii/framework/web/widgets/CContentDecorator.php(76): SiteController->renderFile()
#2 /Applications/XAMPP/yii/framework/web/widgets/CContentDecorator.php(54): CContentDecorator->decorate()
#3 /Applications/XAMPP/yii/framework/web/widgets/COutputProcessor.php(44): CContentDecorator->processOutput()
#4 /Applications/XAMPP/yii/framework/web/CBaseController.php(206): CContentDecorator->run()
#5 /Applications/XAMPP/yii/framework/web/CBaseController.php(300): SiteController->endWidget()
#6 /Applications/XAMPP/xamppfiles/htdocs/froshims_backend/protected/views/layouts/column1.php(6): SiteController->endContent()
#7 /Applications/XAMPP/yii/framework/web/CBaseController.php(126): require()
#8 /Applications/XAMPP/yii/framework/web/CBaseController.php(95): SiteController->renderInternal()
#9 /Applications/XAMPP/yii/framework/web/CController.php(784): SiteController->renderFile()
#10 /Applications/XAMPP/xamppfiles/htdocs/froshims_backend/protected/controllers/SiteController.php(32): SiteController->render()
#11 /Applications/XAMPP/yii/framework/web/actions/CInlineAction.php(49): SiteController->actionIndex()
#12 /Applications/XAMPP/yii/framework/web/CController.php(308): CInlineAction->runWithParams()
#13 /Applications/XAMPP/yii/framework/web/CController.php(286): SiteController->runAction()
#14 /Applications/XAMPP/yii/framework/web/CController.php(265): SiteController->runActionWithFilters()
#15 /Applications/XAMPP/yii/framework/web/CWebApplication.php(282): SiteController->run()
#16 /Applications/XAMPP/yii/framework/web/CWebApplication.php(141): CWebApplication->runController()
#17 /Applications/XAMPP/yii/framework/base/CApplication.php(169): CWebApplication->processRequest()
#18 /Applications/XAMPP/xamppfiles/htdocs/froshims_backend/index.php(13): CWebApplication->run()
#19 /Applications/XAMPP/yii/framework/cli/commands/ShellCommand.php(78): require()
#20 /Applications/XAMPP/yii/framework/console/CConsoleCommandRunner.php(67): ShellCommand->run()
#21 /Applications/XAMPP/yii/framework/console/CConsoleApplication.php(91): CConsoleCommandRunner->run()
#22 /Applications/XAMPP/yii/framework/base/CApplication.php(169): CConsoleApplication->processRequest()
#23 /Applications/XAMPP/yii/framework/yiic.php(33): CConsoleApplication->run()
#24 /Applications/XAMPP/xamppfiles/htdocs/froshims_backend/protected/yiic.php(7): require_once()
#25 /Applications/XAMPP/xamppfiles/htdocs/froshims_backend/protected/yiic(4): require_once()
REQUEST_URI=/index.php
2013/05/04 20:16:52 [error] [php] date(): It is not safe to rely on the system's timezone settings. You are *required* to use the date.timezone setting or the date_default_timezone_set() function. In case you used any of those methods and you are still getting this warning, you most likely misspelled the timezone identifier. We selected 'America/New_York' for 'EDT/-4.0/DST' instead (/Applications/XAMPP/xamppfiles/htdocs/froshims_backend/protected/views/layouts/main.php:51)
Stack trace:
#0 /Applications/XAMPP/yii/framework/web/CBaseController.php(95): SiteController->renderInternal()
#1 /Applications/XAMPP/yii/framework/web/widgets/CContentDecorator.php(76): SiteController->renderFile()
#2 /Applications/XAMPP/yii/framework/web/widgets/CContentDecorator.php(54): CContentDecorator->decorate()
#3 /Applications/XAMPP/yii/framework/web/widgets/COutputProcessor.php(44): CContentDecorator->processOutput()
#4 /Applications/XAMPP/yii/framework/web/CBaseController.php(206): CContentDecorator->run()
#5 /Applications/XAMPP/yii/framework/web/CBaseController.php(300): SiteController->endWidget()
#6 /Applications/XAMPP/xamppfiles/htdocs/froshims_backend/protected/views/layouts/column1.php(6): SiteController->endContent()
#7 /Applications/XAMPP/yii/framework/web/CBaseController.php(126): require()
#8 /Applications/XAMPP/yii/framework/web/CBaseController.php(95): SiteController->renderInternal()
#9 /Applications/XAMPP/yii/framework/web/CController.php(784): SiteController->renderFile()
#10 /Applications/XAMPP/xamppfiles/htdocs/froshims_backend/protected/controllers/SiteController.php(32): SiteController->render()
#11 /Applications/XAMPP/yii/framework/web/actions/CInlineAction.php(49): SiteController->actionIndex()
#12 /Applications/XAMPP/yii/framework/web/CController.php(308): CInlineAction->runWithParams()
#13 /Applications/XAMPP/yii/framework/web/CController.php(286): SiteController->runAction()
#14 /Applications/XAMPP/yii/framework/web/CController.php(265): SiteController->runActionWithFilters()
#15 /Applications/XAMPP/yii/framework/web/CWebApplication.php(282): SiteController->run()
#16 /Applications/XAMPP/yii/framework/web/CWebApplication.php(141): CWebApplication->runController()
#17 /Applications/XAMPP/yii/framework/base/CApplication.php(169): CWebApplication->processRequest()
#18 /Applications/XAMPP/xamppfiles/htdocs/froshims_backend/index.php(13): CWebApplication->run()
#19 /Applications/XAMPP/yii/framework/cli/commands/ShellCommand.php(78): require()
#20 /Applications/XAMPP/yii/framework/console/CConsoleCommandRunner.php(67): ShellCommand->run()
#21 /Applications/XAMPP/yii/framework/console/CConsoleApplication.php(91): CConsoleCommandRunner->run()
#22 /Applications/XAMPP/yii/framework/base/CApplication.php(169): CConsoleApplication->processRequest()
#23 /Applications/XAMPP/yii/framework/yiic.php(33): CConsoleApplication->run()
#24 /Applications/XAMPP/xamppfiles/htdocs/froshims_backend/protected/yiic.php(7): require_once()
#25 /Applications/XAMPP/xamppfiles/htdocs/froshims_backend/protected/yiic(4): require_once()
REQUEST_URI=/index.php
2013/05/04 20:16:52 [error] [php] date(): It is not safe to rely on the system's timezone settings. You are *required* to use the date.timezone setting or the date_default_timezone_set() function. In case you used any of those methods and you are still getting this warning, you most likely misspelled the timezone identifier. We selected 'America/New_York' for 'EDT/-4.0/DST' instead (/Applications/XAMPP/xamppfiles/htdocs/froshims_backend/protected/views/layouts/main.php:51)
Stack trace:
#0 /Applications/XAMPP/yii/framework/web/CBaseController.php(95): SiteController->renderInternal()
#1 /Applications/XAMPP/yii/framework/web/widgets/CContentDecorator.php(76): SiteController->renderFile()
#2 /Applications/XAMPP/yii/framework/web/widgets/CContentDecorator.php(54): CContentDecorator->decorate()
#3 /Applications/XAMPP/yii/framework/web/widgets/COutputProcessor.php(44): CContentDecorator->processOutput()
#4 /Applications/XAMPP/yii/framework/web/CBaseController.php(206): CContentDecorator->run()
#5 /Applications/XAMPP/yii/framework/web/CBaseController.php(300): SiteController->endWidget()
#6 /Applications/XAMPP/xamppfiles/htdocs/froshims_backend/protected/views/layouts/column1.php(6): SiteController->endContent()
#7 /Applications/XAMPP/yii/framework/web/CBaseController.php(126): require()
#8 /Applications/XAMPP/yii/framework/web/CBaseController.php(95): SiteController->renderInternal()
#9 /Applications/XAMPP/yii/framework/web/CController.php(784): SiteController->renderFile()
#10 /Applications/XAMPP/xamppfiles/htdocs/froshims_backend/protected/controllers/SiteController.php(32): SiteController->render()
#11 /Applications/XAMPP/yii/framework/web/actions/CInlineAction.php(49): SiteController->actionIndex()
#12 /Applications/XAMPP/yii/framework/web/CController.php(308): CInlineAction->runWithParams()
#13 /Applications/XAMPP/yii/framework/web/CController.php(286): SiteController->runAction()
#14 /Applications/XAMPP/yii/framework/web/CController.php(265): SiteController->runActionWithFilters()
#15 /Applications/XAMPP/yii/framework/web/CWebApplication.php(282): SiteController->run()
#16 /Applications/XAMPP/yii/framework/web/CWebApplication.php(141): CWebApplication->runController()
#17 /Applications/XAMPP/yii/framework/base/CApplication.php(169): CWebApplication->processRequest()
#18 /Applications/XAMPP/xamppfiles/htdocs/froshims_backend/index.php(13): CWebApplication->run()
#19 /Applications/XAMPP/yii/framework/cli/commands/ShellCommand.php(78): require()
#20 /Applications/XAMPP/yii/framework/console/CConsoleCommandRunner.php(67): ShellCommand->run()
#21 /Applications/XAMPP/yii/framework/console/CConsoleApplication.php(91): CConsoleCommandRunner->run()
#22 /Applications/XAMPP/yii/framework/base/CApplication.php(169): CConsoleApplication->processRequest()
#23 /Applications/XAMPP/yii/framework/yiic.php(33): CConsoleApplication->run()
#24 /Applications/XAMPP/xamppfiles/htdocs/froshims_backend/protected/yiic.php(7): require_once()
#25 /Applications/XAMPP/xamppfiles/htdocs/froshims_backend/protected/yiic(4): require_once()
REQUEST_URI=/index.php
2013/05/05 01:05:56 [error] [exception.CException] exception 'CException' with message 'Property "Schedule.dorm" is not defined.' in /Applications/XAMPP/yii/framework/base/CComponent.php:130
Stack trace:
#0 /Applications/XAMPP/yii/framework/db/ar/CActiveRecord.php(143): CComponent->__get('dorm')
#1 /Applications/XAMPP/xamppfiles/htdocs/froshims_backend/protected/views/schedule/_form.php(44): CActiveRecord->__get('dorm')
#2 /Applications/XAMPP/yii/framework/web/CBaseController.php(126): require('/Applications/X...')
#3 /Applications/XAMPP/yii/framework/web/CBaseController.php(95): CBaseController->renderInternal('/Applications/X...', Array, true)
#4 /Applications/XAMPP/yii/framework/web/CController.php(869): CBaseController->renderFile('/Applications/X...', Array, true)
#5 /Applications/XAMPP/xamppfiles/htdocs/froshims_backend/protected/views/schedule/create.php(18): CController->renderPartial('_form', Array)
#6 /Applications/XAMPP/yii/framework/web/CBaseController.php(126): require('/Applications/X...')
#7 /Applications/XAMPP/yii/framework/web/CBaseController.php(95): CBaseController->renderInternal('/Applications/X...', Array, true)
#8 /Applications/XAMPP/yii/framework/web/CController.php(869): CBaseController->renderFile('/Applications/X...', Array, true)
#9 /Applications/XAMPP/yii/framework/web/CController.php(782): CController->renderPartial('create', Array, true)
#10 /Applications/XAMPP/xamppfiles/htdocs/froshims_backend/protected/controllers/ScheduleController.php(79): CController->render('create', Array)
#11 /Applications/XAMPP/yii/framework/web/actions/CInlineAction.php(49): ScheduleController->actionCreate()
#12 /Applications/XAMPP/yii/framework/web/CController.php(308): CInlineAction->runWithParams(Array)
#13 /Applications/XAMPP/yii/framework/web/filters/CFilterChain.php(133): CController->runAction(Object(CInlineAction))
#14 /Applications/XAMPP/yii/framework/web/filters/CFilter.php(40): CFilterChain->run()
#15 /Applications/XAMPP/yii/framework/web/CController.php(1145): CFilter->filter(Object(CFilterChain))
#16 /Applications/XAMPP/yii/framework/web/filters/CInlineFilter.php(58): CController->filterAccessControl(Object(CFilterChain))
#17 /Applications/XAMPP/yii/framework/web/filters/CFilterChain.php(130): CInlineFilter->filter(Object(CFilterChain))
#18 /Applications/XAMPP/yii/framework/web/CController.php(291): CFilterChain->run()
#19 /Applications/XAMPP/yii/framework/web/CController.php(265): CController->runActionWithFilters(Object(CInlineAction), Array)
#20 /Applications/XAMPP/yii/framework/web/CWebApplication.php(282): CController->run('create')
#21 /Applications/XAMPP/yii/framework/web/CWebApplication.php(141): CWebApplication->runController('schedule/create')
#22 /Applications/XAMPP/yii/framework/base/CApplication.php(169): CWebApplication->processRequest()
#23 /Applications/XAMPP/xamppfiles/htdocs/froshims_backend/index.php(13): CApplication->run()
#24 {main}
REQUEST_URI=/froshims_backend/index.php?r=schedule/create
HTTP_REFERER=http://localhost/froshims_backend/index.php?r=schedule/index
---
2013/05/05 01:13:30 [error] [exception.CException] exception 'CException' with message 'Property "Schedule.dorm" is not defined.' in /Applications/XAMPP/yii/framework/base/CComponent.php:130
Stack trace:
#0 /Applications/XAMPP/yii/framework/db/ar/CActiveRecord.php(143): CComponent->__get('dorm')
#1 /Applications/XAMPP/xamppfiles/htdocs/froshims_backend/protected/views/schedule/_form.php(44): CActiveRecord->__get('dorm')
#2 /Applications/XAMPP/yii/framework/web/CBaseController.php(126): require('/Applications/X...')
#3 /Applications/XAMPP/yii/framework/web/CBaseController.php(95): CBaseController->renderInternal('/Applications/X...', Array, true)
#4 /Applications/XAMPP/yii/framework/web/CController.php(869): CBaseController->renderFile('/Applications/X...', Array, true)
#5 /Applications/XAMPP/xamppfiles/htdocs/froshims_backend/protected/views/schedule/create.php(18): CController->renderPartial('_form', Array)
#6 /Applications/XAMPP/yii/framework/web/CBaseController.php(126): require('/Applications/X...')
#7 /Applications/XAMPP/yii/framework/web/CBaseController.php(95): CBaseController->renderInternal('/Applications/X...', Array, true)
#8 /Applications/XAMPP/yii/framework/web/CController.php(869): CBaseController->renderFile('/Applications/X...', Array, true)
#9 /Applications/XAMPP/yii/framework/web/CController.php(782): CController->renderPartial('create', Array, true)
#10 /Applications/XAMPP/xamppfiles/htdocs/froshims_backend/protected/controllers/ScheduleController.php(79): CController->render('create', Array)
#11 /Applications/XAMPP/yii/framework/web/actions/CInlineAction.php(49): ScheduleController->actionCreate()
#12 /Applications/XAMPP/yii/framework/web/CController.php(308): CInlineAction->runWithParams(Array)
#13 /Applications/XAMPP/yii/framework/web/filters/CFilterChain.php(133): CController->runAction(Object(CInlineAction))
#14 /Applications/XAMPP/yii/framework/web/filters/CFilter.php(40): CFilterChain->run()
#15 /Applications/XAMPP/yii/framework/web/CController.php(1145): CFilter->filter(Object(CFilterChain))
#16 /Applications/XAMPP/yii/framework/web/filters/CInlineFilter.php(58): CController->filterAccessControl(Object(CFilterChain))
#17 /Applications/XAMPP/yii/framework/web/filters/CFilterChain.php(130): CInlineFilter->filter(Object(CFilterChain))
#18 /Applications/XAMPP/yii/framework/web/CController.php(291): CFilterChain->run()
#19 /Applications/XAMPP/yii/framework/web/CController.php(265): CController->runActionWithFilters(Object(CInlineAction), Array)
#20 /Applications/XAMPP/yii/framework/web/CWebApplication.php(282): CController->run('create')
#21 /Applications/XAMPP/yii/framework/web/CWebApplication.php(141): CWebApplication->runController('schedule/create')
#22 /Applications/XAMPP/yii/framework/base/CApplication.php(169): CWebApplication->processRequest()
#23 /Applications/XAMPP/xamppfiles/htdocs/froshims_backend/index.php(13): CApplication->run()
#24 {main}
REQUEST_URI=/froshims_backend/index.php?r=schedule/create
HTTP_REFERER=http://localhost/froshims_backend/index.php?r=schedule/index
---
2013/05/05 01:13:33 [error] [exception.CException] exception 'CException' with message 'Property "Schedule.dorm" is not defined.' in /Applications/XAMPP/yii/framework/base/CComponent.php:130
Stack trace:
#0 /Applications/XAMPP/yii/framework/db/ar/CActiveRecord.php(143): CComponent->__get('dorm')
#1 /Applications/XAMPP/xamppfiles/htdocs/froshims_backend/protected/views/schedule/_form.php(44): CActiveRecord->__get('dorm')
#2 /Applications/XAMPP/yii/framework/web/CBaseController.php(126): require('/Applications/X...')
#3 /Applications/XAMPP/yii/framework/web/CBaseController.php(95): CBaseController->renderInternal('/Applications/X...', Array, true)
#4 /Applications/XAMPP/yii/framework/web/CController.php(869): CBaseController->renderFile('/Applications/X...', Array, true)
#5 /Applications/XAMPP/xamppfiles/htdocs/froshims_backend/protected/views/schedule/create.php(18): CController->renderPartial('_form', Array)
#6 /Applications/XAMPP/yii/framework/web/CBaseController.php(126): require('/Applications/X...')
#7 /Applications/XAMPP/yii/framework/web/CBaseController.php(95): CBaseController->renderInternal('/Applications/X...', Array, true)
#8 /Applications/XAMPP/yii/framework/web/CController.php(869): CBaseController->renderFile('/Applications/X...', Array, true)
#9 /Applications/XAMPP/yii/framework/web/CController.php(782): CController->renderPartial('create', Array, true)
#10 /Applications/XAMPP/xamppfiles/htdocs/froshims_backend/protected/controllers/ScheduleController.php(79): CController->render('create', Array)
#11 /Applications/XAMPP/yii/framework/web/actions/CInlineAction.php(49): ScheduleController->actionCreate()
#12 /Applications/XAMPP/yii/framework/web/CController.php(308): CInlineAction->runWithParams(Array)
#13 /Applications/XAMPP/yii/framework/web/filters/CFilterChain.php(133): CController->runAction(Object(CInlineAction))
#14 /Applications/XAMPP/yii/framework/web/filters/CFilter.php(40): CFilterChain->run()
#15 /Applications/XAMPP/yii/framework/web/CController.php(1145): CFilter->filter(Object(CFilterChain))
#16 /Applications/XAMPP/yii/framework/web/filters/CInlineFilter.php(58): CController->filterAccessControl(Object(CFilterChain))
#17 /Applications/XAMPP/yii/framework/web/filters/CFilterChain.php(130): CInlineFilter->filter(Object(CFilterChain))
#18 /Applications/XAMPP/yii/framework/web/CController.php(291): CFilterChain->run()
#19 /Applications/XAMPP/yii/framework/web/CController.php(265): CController->runActionWithFilters(Object(CInlineAction), Array)
#20 /Applications/XAMPP/yii/framework/web/CWebApplication.php(282): CController->run('create')
#21 /Applications/XAMPP/yii/framework/web/CWebApplication.php(141): CWebApplication->runController('schedule/create')
#22 /Applications/XAMPP/yii/framework/base/CApplication.php(169): CWebApplication->processRequest()
#23 /Applications/XAMPP/xamppfiles/htdocs/froshims_backend/index.php(13): CApplication->run()
#24 {main}
REQUEST_URI=/froshims_backend/index.php?r=schedule/create
HTTP_REFERER=http://localhost/froshims_backend/index.php?r=schedule/index
---
2013/05/05 01:14:12 [error] [exception.CException] exception 'CException' with message 'Property "Schedule.dorm" is not defined.' in /Applications/XAMPP/yii/framework/base/CComponent.php:130
Stack trace:
#0 /Applications/XAMPP/yii/framework/db/ar/CActiveRecord.php(143): CComponent->__get('dorm')
#1 /Applications/XAMPP/xamppfiles/htdocs/froshims_backend/protected/views/schedule/_form.php(50): CActiveRecord->__get('dorm')
#2 /Applications/XAMPP/yii/framework/web/CBaseController.php(126): require('/Applications/X...')
#3 /Applications/XAMPP/yii/framework/web/CBaseController.php(95): CBaseController->renderInternal('/Applications/X...', Array, true)
#4 /Applications/XAMPP/yii/framework/web/CController.php(869): CBaseController->renderFile('/Applications/X...', Array, true)
#5 /Applications/XAMPP/xamppfiles/htdocs/froshims_backend/protected/views/schedule/create.php(18): CController->renderPartial('_form', Array)
#6 /Applications/XAMPP/yii/framework/web/CBaseController.php(126): require('/Applications/X...')
#7 /Applications/XAMPP/yii/framework/web/CBaseController.php(95): CBaseController->renderInternal('/Applications/X...', Array, true)
#8 /Applications/XAMPP/yii/framework/web/CController.php(869): CBaseController->renderFile('/Applications/X...', Array, true)
#9 /Applications/XAMPP/yii/framework/web/CController.php(782): CController->renderPartial('create', Array, true)
#10 /Applications/XAMPP/xamppfiles/htdocs/froshims_backend/protected/controllers/ScheduleController.php(79): CController->render('create', Array)
#11 /Applications/XAMPP/yii/framework/web/actions/CInlineAction.php(49): ScheduleController->actionCreate()
#12 /Applications/XAMPP/yii/framework/web/CController.php(308): CInlineAction->runWithParams(Array)
#13 /Applications/XAMPP/yii/framework/web/filters/CFilterChain.php(133): CController->runAction(Object(CInlineAction))
#14 /Applications/XAMPP/yii/framework/web/filters/CFilter.php(40): CFilterChain->run()
#15 /Applications/XAMPP/yii/framework/web/CController.php(1145): CFilter->filter(Object(CFilterChain))
#16 /Applications/XAMPP/yii/framework/web/filters/CInlineFilter.php(58): CController->filterAccessControl(Object(CFilterChain))
#17 /Applications/XAMPP/yii/framework/web/filters/CFilterChain.php(130): CInlineFilter->filter(Object(CFilterChain))
#18 /Applications/XAMPP/yii/framework/web/CController.php(291): CFilterChain->run()
#19 /Applications/XAMPP/yii/framework/web/CController.php(265): CController->runActionWithFilters(Object(CInlineAction), Array)
#20 /Applications/XAMPP/yii/framework/web/CWebApplication.php(282): CController->run('create')
#21 /Applications/XAMPP/yii/framework/web/CWebApplication.php(141): CWebApplication->runController('schedule/create')
#22 /Applications/XAMPP/yii/framework/base/CApplication.php(169): CWebApplication->processRequest()
#23 /Applications/XAMPP/xamppfiles/htdocs/froshims_backend/index.php(13): CApplication->run()
#24 {main}
REQUEST_URI=/froshims_backend/index.php?r=schedule/create
HTTP_REFERER=http://localhost/froshims_backend/index.php?r=schedule/index
---
2013/05/05 01:35:05 [error] [exception.CException] exception 'CException' with message 'Property "Schedule." is not defined.' in /Applications/XAMPP/yii/framework/base/CComponent.php:130
Stack trace:
#0 /Applications/XAMPP/yii/framework/db/ar/CActiveRecord.php(143): CComponent->__get('')
#1 /Applications/XAMPP/xamppfiles/htdocs/froshims_backend/protected/views/schedule/_form.php(50): CActiveRecord->__get('')
#2 /Applications/XAMPP/yii/framework/web/CBaseController.php(126): require('/Applications/X...')
#3 /Applications/XAMPP/yii/framework/web/CBaseController.php(95): CBaseController->renderInternal('/Applications/X...', Array, true)
#4 /Applications/XAMPP/yii/framework/web/CController.php(869): CBaseController->renderFile('/Applications/X...', Array, true)
#5 /Applications/XAMPP/xamppfiles/htdocs/froshims_backend/protected/views/schedule/create.php(18): CController->renderPartial('_form', Array)
#6 /Applications/XAMPP/yii/framework/web/CBaseController.php(126): require('/Applications/X...')
#7 /Applications/XAMPP/yii/framework/web/CBaseController.php(95): CBaseController->renderInternal('/Applications/X...', Array, true)
#8 /Applications/XAMPP/yii/framework/web/CController.php(869): CBaseController->renderFile('/Applications/X...', Array, true)
#9 /Applications/XAMPP/yii/framework/web/CController.php(782): CController->renderPartial('create', Array, true)
#10 /Applications/XAMPP/xamppfiles/htdocs/froshims_backend/protected/controllers/ScheduleController.php(79): CController->render('create', Array)
#11 /Applications/XAMPP/yii/framework/web/actions/CInlineAction.php(49): ScheduleController->actionCreate()
#12 /Applications/XAMPP/yii/framework/web/CController.php(308): CInlineAction->runWithParams(Array)
#13 /Applications/XAMPP/yii/framework/web/filters/CFilterChain.php(133): CController->runAction(Object(CInlineAction))
#14 /Applications/XAMPP/yii/framework/web/filters/CFilter.php(40): CFilterChain->run()
#15 /Applications/XAMPP/yii/framework/web/CController.php(1145): CFilter->filter(Object(CFilterChain))
#16 /Applications/XAMPP/yii/framework/web/filters/CInlineFilter.php(58): CController->filterAccessControl(Object(CFilterChain))
#17 /Applications/XAMPP/yii/framework/web/filters/CFilterChain.php(130): CInlineFilter->filter(Object(CFilterChain))
#18 /Applications/XAMPP/yii/framework/web/CController.php(291): CFilterChain->run()
#19 /Applications/XAMPP/yii/framework/web/CController.php(265): CController->runActionWithFilters(Object(CInlineAction), Array)
#20 /Applications/XAMPP/yii/framework/web/CWebApplication.php(282): CController->run('create')
#21 /Applications/XAMPP/yii/framework/web/CWebApplication.php(141): CWebApplication->runController('schedule/create')
#22 /Applications/XAMPP/yii/framework/base/CApplication.php(169): CWebApplication->processRequest()
#23 /Applications/XAMPP/xamppfiles/htdocs/froshims_backend/index.php(13): CApplication->run()
#24 {main}
REQUEST_URI=/froshims_backend/index.php?r=schedule/create
---
